<?xml version="1.0" encoding="UTF-8"?>
<!-- Generated by org.testng.reporters.JUnitReportReporter -->
<testsuite skipped="0" hostname="LAPTOP-J40Q06J5" name="ATpkg.CreateProject" tests="1" failures="0" timestamp="08 Dec 2020 04:55:48 GMT" time="2.059" errors="0">
  <testcase name="createProject" time="2.059" classname="ATpkg.CreateProject"/>
</testsuite> <!-- ATpkg.CreateProject -->
